[Metrics] Time: 0          Blocks/s:              0 (000,000,000,000), Transactions/s:          0 (000,000,000,000), Logs/s:                0 (000,000,000,000), MGas/s:         0 (000,000,000,000)
[Metrics] Time: 5          Blocks/s:         30,384 (000,000,151,922), Transactions/s:         21 (000,000,000,103), Logs/s:               20 (000,000,000,100), MGas/s:        63 (000,000,000,314)
[Metrics] Time: 10         Blocks/s:         36,838 (000,000,336,114), Transactions/s:        104 (000,000,000,624), Logs/s:              100 (000,000,000,602), MGas/s:       169 (000,000,001,158)
[Metrics] Time: 15         Blocks/s:         59,343 (000,000,632,827), Transactions/s:        157 (000,000,001,407), Logs/s:               82 (000,000,001,012), MGas/s:       371 (000,000,003,012)
[Metrics] Time: 20         Blocks/s:         63,589 (000,000,950,773), Transactions/s:         34 (000,000,001,578), Logs/s:               20 (000,000,001,111), MGas/s:         5 (000,000,003,037)
[Metrics] Time: 25         Blocks/s:         60,245 (000,001,251,996), Transactions/s:      2,245 (000,000,012,801), Logs/s:               62 (000,000,001,419), MGas/s:        76 (000,000,003,417)
[Metrics] Time: 30         Blocks/s:         59,181 (000,001,547,900), Transactions/s:        490 (000,000,015,252), Logs/s:              160 (000,000,002,219), MGas/s:        93 (000,000,003,880)
[Metrics] Time: 35         Blocks/s:         63,215 (000,001,863,973), Transactions/s:        547 (000,000,017,988), Logs/s:              381 (000,000,004,124), MGas/s:       204 (000,000,004,897)
[Metrics] Time: 40         Blocks/s:         62,529 (000,002,176,620), Transactions/s:      2,905 (000,000,032,514), Logs/s:            1,201 (000,000,010,127), MGas/s:       591 (000,000,007,852)
[Metrics] Time: 45         Blocks/s:         66,286 (000,002,508,052), Transactions/s:      3,527 (000,000,050,151), Logs/s:            4,244 (000,000,031,345), MGas/s:     1,080 (000,000,013,255)
[Metrics] Time: 50         Blocks/s:         73,784 (000,002,876,974), Transactions/s:      1,946 (000,000,059,882), Logs/s:            2,167 (000,000,042,180), MGas/s:     1,024 (000,000,018,374)
[Metrics] Time: 55         Blocks/s:         68,312 (000,003,218,533), Transactions/s:     23,401 (000,000,176,889), Logs/s:           29,336 (000,000,188,859), MGas/s:    15,676 (000,000,096,752)
[Metrics] Time: 60         Blocks/s:         72,961 (000,003,583,338), Transactions/s:      9,156 (000,000,222,668), Logs/s:           13,365 (000,000,255,683), MGas/s:     4,058 (000,000,117,040)
[Metrics] Time: 65         Blocks/s:         71,889 (000,003,942,785), Transactions/s:      4,155 (000,000,243,441), Logs/s:            5,871 (000,000,285,038), MGas/s:     3,527 (000,000,134,674)
[Metrics] Time: 70         Blocks/s:         71,133 (000,004,298,452), Transactions/s:      2,188 (000,000,254,380), Logs/s:            2,856 (000,000,299,318), MGas/s:     1,653 (000,000,142,941)
[Metrics] Time: 75         Blocks/s:         74,120 (000,004,669,050), Transactions/s:      2,812 (000,000,268,441), Logs/s:            2,941 (000,000,314,022), MGas/s:    13,936 (000,000,212,619)
[Metrics] Time: 80         Blocks/s:         76,605 (000,005,052,076), Transactions/s:      2,932 (000,000,283,103), Logs/s:            3,576 (000,000,331,900), MGas/s:     4,018 (000,000,232,710)
[Metrics] Time: 85         Blocks/s:         75,708 (000,005,430,615), Transactions/s:      6,306 (000,000,314,632), Logs/s:            7,862 (000,000,371,209), MGas/s:    20,061 (000,000,333,017)
[Metrics] Time: 90         Blocks/s:         76,177 (000,005,811,500), Transactions/s:      2,659 (000,000,327,928), Logs/s:            3,582 (000,000,389,120), MGas/s:     3,094 (000,000,348,488)
[Metrics] Time: 95         Blocks/s:         79,017 (000,006,206,586), Transactions/s:      3,287 (000,000,344,364), Logs/s:            3,528 (000,000,406,762), MGas/s:     1,980 (000,000,358,387)
[Metrics] Time: 100        Blocks/s:         73,023 (000,006,571,701), Transactions/s:      9,948 (000,000,394,102), Logs/s:           36,490 (000,000,589,213), MGas/s:     4,042 (000,000,378,599)
[Metrics] Time: 105        Blocks/s:         80,769 (000,006,975,543), Transactions/s:      4,422 (000,000,416,214), Logs/s:            2,495 (000,000,601,687), MGas/s:     1,048 (000,000,383,840)
[Metrics] Time: 110        Blocks/s:         79,482 (000,007,372,951), Transactions/s:      4,120 (000,000,436,813), Logs/s:            1,494 (000,000,609,158), MGas/s:       683 (000,000,387,254)
[Metrics] Time: 115        Blocks/s:         77,370 (000,007,759,801), Transactions/s:      6,037 (000,000,466,997), Logs/s:              916 (000,000,613,738), MGas/s:       346 (000,000,388,982)
[Metrics] Time: 120        Blocks/s:         73,334 (000,008,126,471), Transactions/s:     13,202 (000,000,533,009), Logs/s:            7,030 (000,000,648,886), MGas/s:     1,666 (000,000,397,311)
[Metrics] Time: 125        Blocks/s:         73,584 (000,008,494,389), Transactions/s:      8,875 (000,000,577,386), Logs/s:           11,974 (000,000,708,756), MGas/s:     3,912 (000,000,416,868)
[Metrics] Time: 130        Blocks/s:         70,067 (000,008,844,725), Transactions/s:      7,965 (000,000,617,211), Logs/s:            2,408 (000,000,720,795), MGas/s:       882 (000,000,421,278)
[Metrics] Time: 135        Blocks/s:         69,197 (000,009,190,708), Transactions/s:     11,695 (000,000,675,685), Logs/s:            4,796 (000,000,744,774), MGas/s:     3,282 (000,000,437,691)
[Metrics] Time: 140        Blocks/s:         61,747 (000,009,499,444), Transactions/s:     34,573 (000,000,848,551), Logs/s:            7,830 (000,000,783,924), MGas/s:    44,554 (000,000,660,463)
[Metrics] Time: 145        Blocks/s:         57,172 (000,009,785,305), Transactions/s:     42,766 (000,001,062,381), Logs/s:           16,928 (000,000,868,565), MGas/s:    40,908 (000,000,865,004)
[Metrics] Time: 150        Blocks/s:         58,035 (000,010,075,481), Transactions/s:     34,815 (000,001,236,458), Logs/s:            9,996 (000,000,918,547), MGas/s:    41,441 (000,001,072,211)
[Metrics] Time: 155        Blocks/s:         59,823 (000,010,374,598), Transactions/s:     35,914 (000,001,416,029), Logs/s:           10,640 (000,000,971,747), MGas/s:    40,877 (000,001,276,596)
[Metrics] Time: 160        Blocks/s:         55,464 (000,010,651,920), Transactions/s:     35,346 (000,001,592,760), Logs/s:           13,031 (000,001,036,901), MGas/s:    41,181 (000,001,482,502)
[Metrics] Time: 165        Blocks/s:         57,428 (000,010,939,062), Transactions/s:     40,494 (000,001,795,230), Logs/s:           35,220 (000,001,213,002), MGas/s:    48,929 (000,001,727,147)
[Metrics] Time: 170        Blocks/s:         38,551 (000,011,131,819), Transactions/s:     88,530 (000,002,237,878), Logs/s:          150,152 (000,001,963,760), MGas/s:    46,858 (000,001,961,437)
[Metrics] Time: 175        Blocks/s:         56,993 (000,011,416,786), Transactions/s:     58,426 (000,002,530,010), Logs/s:           64,317 (000,002,285,347), MGas/s:    51,671 (000,002,219,790)
[Metrics] Time: 180        Blocks/s:         53,665 (000,011,685,110), Transactions/s:     71,005 (000,002,885,036), Logs/s:           82,001 (000,002,695,351), MGas/s:    49,275 (000,002,466,164)
[Metrics] Time: 185        Blocks/s:         61,528 (000,011,992,751), Transactions/s:     45,124 (000,003,110,657), Logs/s:           25,414 (000,002,822,423), MGas/s:    52,796 (000,002,730,143)
[Metrics] Time: 190        Blocks/s:         49,544 (000,012,240,473), Transactions/s:     50,362 (000,003,362,466), Logs/s:           52,000 (000,003,082,424), MGas/s:    52,519 (000,002,992,739)
[Metrics] Time: 195        Blocks/s:         40,011 (000,012,440,527), Transactions/s:     88,654 (000,003,805,737), Logs/s:          119,556 (000,003,680,204), MGas/s:   120,312 (000,003,594,300)
[Metrics] Time: 200        Blocks/s:         33,077 (000,012,605,911), Transactions/s:    103,920 (000,004,325,338), Logs/s:          196,244 (000,004,661,425), MGas/s:   133,569 (000,004,262,147)
[Metrics] Time: 205        Blocks/s:         29,418 (000,012,753,001), Transactions/s:    104,207 (000,004,846,371), Logs/s:          250,750 (000,005,915,176), MGas/s:    76,491 (000,004,644,602)
[Metrics] Time: 210        Blocks/s:         26,798 (000,012,886,989), Transactions/s:     93,427 (000,005,313,505), Logs/s:          216,297 (000,006,996,659), MGas/s:    75,783 (000,005,023,519)
[Metrics] Time: 215        Blocks/s:         32,863 (000,013,051,302), Transactions/s:     75,832 (000,005,692,667), Logs/s:          171,546 (000,007,854,388), MGas/s:    60,798 (000,005,327,510)
[Metrics] Time: 220        Blocks/s:         36,546 (000,013,234,030), Transactions/s:     64,440 (000,006,014,866), Logs/s:          138,198 (000,008,545,376), MGas/s:    57,952 (000,005,617,272)
[Metrics] Time: 225        Blocks/s:         40,459 (000,013,436,327), Transactions/s:     60,755 (000,006,318,639), Logs/s:          106,276 (000,009,076,756), MGas/s:    61,434 (000,005,924,444)
[Metrics] Time: 230        Blocks/s:         45,334 (000,013,662,997), Transactions/s:     61,949 (000,006,628,382), Logs/s:           93,678 (000,009,545,148), MGas/s:    61,787 (000,006,233,378)
[Metrics] Time: 235        Blocks/s:         29,626 (000,013,811,125), Transactions/s:    111,277 (000,007,184,765), Logs/s:          171,027 (000,010,400,282), MGas/s:   177,017 (000,007,118,462)
[Metrics] Time: 240        Blocks/s:         17,788 (000,013,900,064), Transactions/s:    133,496 (000,007,852,247), Logs/s:          216,746 (000,011,484,014), MGas/s:   224,327 (000,008,240,100)
[Metrics] Time: 245        Blocks/s:         17,376 (000,013,986,944), Transactions/s:    123,118 (000,008,467,835), Logs/s:          241,549 (000,012,691,761), MGas/s:   197,123 (000,009,225,713)
[Metrics] Time: 250        Blocks/s:         18,754 (000,014,080,716), Transactions/s:    120,659 (000,009,071,132), Logs/s:          213,752 (000,013,760,522), MGas/s:   196,444 (000,010,207,932)
[Metrics] Time: 255        Blocks/s:         24,604 (000,014,203,734), Transactions/s:    133,506 (000,009,738,660), Logs/s:          275,725 (000,015,139,145), MGas/s:   191,085 (000,011,163,356)
[Metrics] Time: 260        Blocks/s:         21,928 (000,014,313,376), Transactions/s:    117,884 (000,010,328,078), Logs/s:          318,079 (000,016,729,539), MGas/s:   108,777 (000,011,707,239)
[Metrics] Time: 265        Blocks/s:         22,194 (000,014,424,348), Transactions/s:     97,349 (000,010,814,823), Logs/s:          235,801 (000,017,908,543), MGas/s:   109,411 (000,012,254,292)
[Metrics] Time: 270        Blocks/s:         19,150 (000,014,520,099), Transactions/s:    105,063 (000,011,340,138), Logs/s:          249,275 (000,019,154,919), MGas/s:   135,482 (000,012,931,703)
[Metrics] Time: 275        Blocks/s:         16,621 (000,014,603,202), Transactions/s:    109,415 (000,011,887,212), Logs/s:          219,238 (000,020,251,109), MGas/s:   169,519 (000,013,779,296)
[Metrics] Time: 280        Blocks/s:         13,799 (000,014,672,195), Transactions/s:    101,980 (000,012,397,113), Logs/s:          198,628 (000,021,244,251), MGas/s:   132,579 (000,014,442,191)
[Metrics] Time: 285        Blocks/s:         12,498 (000,014,734,686), Transactions/s:    123,404 (000,013,014,132), Logs/s:          311,345 (000,022,800,975), MGas/s:   143,859 (000,015,161,487)
[Metrics] Time: 290        Blocks/s:         16,859 (000,014,818,983), Transactions/s:    115,988 (000,013,594,070), Logs/s:          257,635 (000,024,089,148), MGas/s:   133,583 (000,015,829,400)
[Metrics] Time: 295        Blocks/s:          9,826 (000,014,868,113), Transactions/s:    115,883 (000,014,173,497), Logs/s:          248,919 (000,025,333,776), MGas/s:   149,006 (000,016,574,449)
[Metrics] Time: 300        Blocks/s:         10,939 (000,014,922,806), Transactions/s:    108,000 (000,014,713,484), Logs/s:          235,505 (000,026,511,269), MGas/s:   137,352 (000,017,261,193)
[Metrics] Time: 305        Blocks/s:         10,080 (000,014,973,205), Transactions/s:    117,032 (000,015,298,644), Logs/s:          233,588 (000,027,679,207), MGas/s:   139,718 (000,017,959,784)
[Metrics] Time: 310        Blocks/s:          9,518 (000,015,020,796), Transactions/s:     93,033 (000,015,763,811), Logs/s:          205,631 (000,028,707,360), MGas/s:   106,192 (000,018,490,743)
[Metrics] Time: 315        Blocks/s:         10,570 (000,015,073,645), Transactions/s:    107,203 (000,016,299,826), Logs/s:          228,646 (000,029,850,588), MGas/s:   120,046 (000,019,090,972)
[Metrics] Time: 320        Blocks/s:         12,362 (000,015,135,455), Transactions/s:    109,622 (000,016,847,935), Logs/s:          235,309 (000,031,027,131), MGas/s:   126,727 (000,019,724,606)
[Metrics] Time: 325        Blocks/s:         12,436 (000,015,197,633), Transactions/s:     98,235 (000,017,339,112), Logs/s:          239,060 (000,032,222,431), MGas/s:   115,352 (000,020,301,364)
[Metrics] Time: 330        Blocks/s:         14,031 (000,015,267,790), Transactions/s:    105,330 (000,017,865,761), Logs/s:          240,729 (000,033,426,077), MGas/s:   118,890 (000,020,895,815)
[Metrics] Time: 335        Blocks/s:         12,239 (000,015,328,985), Transactions/s:    109,927 (000,018,415,395), Logs/s:          249,599 (000,034,674,072), MGas/s:   107,439 (000,021,433,009)
[Metrics] Time: 340        Blocks/s:         13,880 (000,015,398,385), Transactions/s:     93,286 (000,018,881,825), Logs/s:          260,036 (000,035,974,253), MGas/s:    99,154 (000,021,928,779)
[Metrics] Time: 345        Blocks/s:         14,818 (000,015,472,476), Transactions/s:    114,316 (000,019,453,406), Logs/s:          321,658 (000,037,582,541), MGas/s:   133,872 (000,022,598,140)
[Metrics] Time: 350        Blocks/s:         14,444 (000,015,544,698), Transactions/s:    105,397 (000,019,980,390), Logs/s:          283,304 (000,038,999,060), MGas/s:   128,012 (000,023,238,200)
[Metrics] Time: 355        Blocks/s:         13,105 (000,015,610,223), Transactions/s:    118,721 (000,020,573,996), Logs/s:          356,064 (000,040,779,380), MGas/s:   131,286 (000,023,894,628)
[Metrics] Time: 360        Blocks/s:         11,661 (000,015,668,530), Transactions/s:    113,091 (000,021,139,453), Logs/s:          346,760 (000,042,513,178), MGas/s:   126,727 (000,024,528,262)
[Metrics] Time: 365        Blocks/s:         11,955 (000,015,728,306), Transactions/s:    117,957 (000,021,729,236), Logs/s:          370,151 (000,044,363,934), MGas/s:   129,101 (000,025,173,770)
[Metrics] Time: 370        Blocks/s:         10,933 (000,015,782,972), Transactions/s:     94,567 (000,022,202,072), Logs/s:          309,392 (000,045,910,895), MGas/s:   106,101 (000,025,704,275)
[Metrics] Time: 375        Blocks/s:         13,983 (000,015,852,888), Transactions/s:    100,048 (000,022,702,314), Logs/s:          306,293 (000,047,442,361), MGas/s:   140,720 (000,026,407,873)
[Metrics] Time: 380        Blocks/s:         12,646 (000,015,916,116), Transactions/s:    109,951 (000,023,252,068), Logs/s:          351,679 (000,049,200,755), MGas/s:   163,411 (000,027,224,930)
[Metrics] Time: 385        Blocks/s:         13,343 (000,015,982,829), Transactions/s:    111,440 (000,023,809,267), Logs/s:          349,857 (000,050,950,042), MGas/s:   184,052 (000,028,145,190)
[Metrics] Time: 390        Blocks/s:          8,589 (000,016,025,775), Transactions/s:    122,332 (000,024,420,925), Logs/s:          341,782 (000,052,658,950), MGas/s:   125,440 (000,028,772,389)
[Metrics] Time: 395        Blocks/s:         10,665 (000,016,079,101), Transactions/s:    114,841 (000,024,995,131), Logs/s:          389,195 (000,054,604,927), MGas/s:   136,149 (000,029,453,134)
[Metrics] Time: 400        Blocks/s:          8,802 (000,016,123,110), Transactions/s:     93,978 (000,025,465,020), Logs/s:          343,500 (000,056,322,425), MGas/s:   105,569 (000,029,980,979)
[Metrics] Time: 405        Blocks/s:          8,012 (000,016,163,172), Transactions/s:    131,142 (000,026,120,732), Logs/s:          455,511 (000,058,599,978), MGas/s:   140,408 (000,030,683,018)
[Metrics] Time: 410        Blocks/s:          8,239 (000,016,204,369), Transactions/s:    131,401 (000,026,777,738), Logs/s:          443,503 (000,060,817,492), MGas/s:   145,708 (000,031,411,559)
[Metrics] Time: 415        Blocks/s:          6,605 (000,016,237,395), Transactions/s:    133,809 (000,027,446,784), Logs/s:          389,145 (000,062,763,216), MGas/s:   173,406 (000,032,278,587)
[Metrics] Time: 420        Blocks/s:          6,917 (000,016,271,979), Transactions/s:    141,585 (000,028,154,710), Logs/s:          319,394 (000,064,360,187), MGas/s:   216,525 (000,033,361,211)
[Metrics] Time: 425        Blocks/s:          6,850 (000,016,306,229), Transactions/s:    137,234 (000,028,840,878), Logs/s:          336,708 (000,066,043,729), MGas/s:   201,599 (000,034,369,206)
[Metrics] Time: 430        Blocks/s:          4,485 (000,016,328,654), Transactions/s:    144,142 (000,029,561,589), Logs/s:          195,561 (000,067,021,534), MGas/s:   246,039 (000,035,599,402)
[Metrics] Time: 435        Blocks/s:          6,497 (000,016,361,137), Transactions/s:    142,861 (000,030,275,894), Logs/s:          270,425 (000,068,373,661), MGas/s:   229,249 (000,036,745,649)
[Metrics] Time: 440        Blocks/s:          7,118 (000,016,396,729), Transactions/s:    148,084 (000,031,016,313), Logs/s:          308,621 (000,069,916,767), MGas/s:   218,299 (000,037,837,144)
[Metrics] Time: 445        Blocks/s:          7,344 (000,016,433,450), Transactions/s:    145,713 (000,031,744,878), Logs/s:          247,984 (000,071,156,688), MGas/s:   230,602 (000,038,990,156)
[Metrics] Time: 450        Blocks/s:          9,357 (000,016,480,236), Transactions/s:    120,097 (000,032,345,365), Logs/s:          287,792 (000,072,595,650), MGas/s:   165,500 (000,039,817,655)
[Metrics] Time: 455        Blocks/s:         14,954 (000,016,555,007), Transactions/s:    110,986 (000,032,900,297), Logs/s:          302,229 (000,074,106,793), MGas/s:   121,784 (000,040,426,575)
[Metrics] Time: 460        Blocks/s:         10,028 (000,016,605,147), Transactions/s:     76,866 (000,033,284,627), Logs/s:          185,580 (000,075,034,695), MGas/s:    88,670 (000,040,869,925)
[Metrics] Time: 465        Blocks/s:         14,601 (000,016,678,153), Transactions/s:    107,082 (000,033,820,035), Logs/s:          266,635 (000,076,367,869), MGas/s:   105,580 (000,041,397,824)
[Metrics] Time: 470        Blocks/s:          6,599 (000,016,711,147), Transactions/s:    122,602 (000,034,433,047), Logs/s:          303,931 (000,077,887,526), MGas/s:   103,440 (000,041,915,023)
[Metrics] Time: 475        Blocks/s:          7,061 (000,016,746,454), Transactions/s:    139,926 (000,035,132,679), Logs/s:          246,274 (000,079,118,895), MGas/s:    89,633 (000,042,363,187)
[Metrics] Time: 480        Blocks/s:          9,639 (000,016,794,647), Transactions/s:    139,304 (000,035,829,201), Logs/s:          274,497 (000,080,491,380), MGas/s:    88,953 (000,042,807,950)
[Metrics] Time: 485        Blocks/s:          7,985 (000,016,834,572), Transactions/s:    123,457 (000,036,446,488), Logs/s:          218,324 (000,081,582,999), MGas/s:   129,627 (000,043,456,085)
[Metrics] Time: 490        Blocks/s:          5,661 (000,016,862,876), Transactions/s:    136,968 (000,037,131,327), Logs/s:          226,186 (000,082,713,928), MGas/s:   184,805 (000,044,380,111)
[Metrics] Time: 495        Blocks/s:          6,170 (000,016,893,725), Transactions/s:    153,328 (000,037,897,968), Logs/s:          210,730 (000,083,767,579), MGas/s:   240,704 (000,045,583,629)
[Metrics] Time: 500        Blocks/s:          6,044 (000,016,923,946), Transactions/s:    144,103 (000,038,618,483), Logs/s:          207,076 (000,084,802,958), MGas/s:   243,771 (000,046,802,485)
[Metrics] Time: 505        Blocks/s:          5,585 (000,016,951,873), Transactions/s:    150,906 (000,039,373,013), Logs/s:          243,821 (000,086,022,065), MGas/s:   238,561 (000,047,995,292)
[Metrics] Time: 510        Blocks/s:          9,636 (000,017,000,051), Transactions/s:    138,374 (000,040,064,885), Logs/s:          268,193 (000,087,363,032), MGas/s:   176,513 (000,048,877,855)
[Metrics] Time: 515        Blocks/s:         12,224 (000,017,061,173), Transactions/s:    106,425 (000,040,597,011), Logs/s:          221,122 (000,088,468,644), MGas/s:   102,010 (000,049,387,905)
[Metrics] Time: 520        Blocks/s:         10,977 (000,017,116,056), Transactions/s:    102,319 (000,041,108,604), Logs/s:          258,444 (000,089,760,866), MGas/s:   106,725 (000,049,921,532)
[Metrics] Time: 525        Blocks/s:         10,953 (000,017,170,820), Transactions/s:     93,435 (000,041,575,778), Logs/s:          234,019 (000,090,930,962), MGas/s:   101,813 (000,050,430,596)
[Metrics] Time: 530        Blocks/s:         11,835 (000,017,229,997), Transactions/s:    123,461 (000,042,193,083), Logs/s:          289,582 (000,092,378,872), MGas/s:   121,596 (000,051,038,578)
[Metrics] Time: 535        Blocks/s:          9,287 (000,017,276,431), Transactions/s:    110,082 (000,042,743,491), Logs/s:          238,210 (000,093,569,922), MGas/s:   113,251 (000,051,604,833)
[Metrics] Time: 540        Blocks/s:         13,441 (000,017,343,636), Transactions/s:    122,603 (000,043,356,504), Logs/s:          309,460 (000,095,117,221), MGas/s:   126,737 (000,052,238,519)
[Metrics] Time: 545        Blocks/s:          8,670 (000,017,386,987), Transactions/s:     94,768 (000,043,830,343), Logs/s:          230,054 (000,096,267,493), MGas/s:    91,240 (000,052,694,717)
[Metrics] Time: 550        Blocks/s:          2,527 (000,017,399,620), Transactions/s:     29,147 (000,043,976,078), Logs/s:          176,982 (000,097,152,401), MGas/s:    33,943 (000,052,864,433)
[Metrics] Time: 555        Blocks/s:          6,210 (000,017,430,668), Transactions/s:    132,803 (000,044,640,092), Logs/s:          200,989 (000,098,157,347), MGas/s:    84,848 (000,053,288,672)
[Metrics] Time: 560        Blocks/s:          9,557 (000,017,478,452), Transactions/s:    139,995 (000,045,340,067), Logs/s:          273,258 (000,099,523,638), MGas/s:   110,882 (000,053,843,083)
[Metrics] Time: 565        Blocks/s:         10,714 (000,017,532,022), Transactions/s:    109,424 (000,045,887,189), Logs/s:          286,735 (000,100,957,312), MGas/s:   125,872 (000,054,472,442)
[Metrics] Time: 570        Blocks/s:          8,924 (000,017,576,644), Transactions/s:    136,113 (000,046,567,753), Logs/s:          293,593 (000,102,425,278), MGas/s:   188,310 (000,055,413,991)
[Metrics] Time: 575        Blocks/s:          6,518 (000,017,609,233), Transactions/s:    151,311 (000,047,324,309), Logs/s:          232,464 (000,103,587,597), MGas/s:   255,785 (000,056,692,916)
[Metrics] Time: 580        Blocks/s:          4,320 (000,017,630,831), Transactions/s:    119,543 (000,047,922,025), Logs/s:          190,868 (000,104,541,939), MGas/s:   190,235 (000,057,644,089)
[Metrics] Time: 585        Blocks/s:          4,957 (000,017,655,618), Transactions/s:    151,671 (000,048,680,379), Logs/s:          272,197 (000,105,903,039), MGas/s:   238,467 (000,058,836,423)
[Metrics] Time: 590        Blocks/s:          5,601 (000,017,683,622), Transactions/s:    152,212 (000,049,441,437), Logs/s:          266,998 (000,107,237,916), MGas/s:   245,830 (000,060,065,574)
[Metrics] Time: 595        Blocks/s:          6,852 (000,017,717,880), Transactions/s:    140,521 (000,050,144,040), Logs/s:          254,294 (000,108,509,388), MGas/s:   215,634 (000,061,143,743)
[Metrics] Time: 600        Blocks/s:          6,894 (000,017,752,349), Transactions/s:    123,208 (000,050,760,082), Logs/s:          217,346 (000,109,596,119), MGas/s:   142,798 (000,061,857,734)
[Metrics] Time: 605        Blocks/s:          6,980 (000,017,787,250), Transactions/s:    152,356 (000,051,521,862), Logs/s:          216,297 (000,110,677,606), MGas/s:   169,378 (000,062,704,625)
[Metrics] Time: 610        Blocks/s:          9,084 (000,017,832,672), Transactions/s:    119,271 (000,052,118,216), Logs/s:          175,017 (000,111,552,693), MGas/s:   133,846 (000,063,373,854)
[Metrics] Time: 615        Blocks/s:          8,120 (000,017,873,270), Transactions/s:    113,641 (000,052,686,423), Logs/s:          264,767 (000,112,876,527), MGas/s:   141,483 (000,064,081,269)
[Metrics] Time: 620        Blocks/s:         10,994 (000,017,928,241), Transactions/s:    118,176 (000,053,277,305), Logs/s:          284,742 (000,114,300,236), MGas/s:   138,682 (000,064,774,681)
[Metrics] Time: 625        Blocks/s:          8,830 (000,017,972,391), Transactions/s:    103,878 (000,053,796,694), Logs/s:          282,629 (000,115,713,383), MGas/s:   117,706 (000,065,363,210)
[Metrics] Time: 630        Blocks/s:          7,607 (000,018,010,424), Transactions/s:    141,732 (000,054,505,353), Logs/s:          369,136 (000,117,559,064), MGas/s:   178,882 (000,066,257,617)
[Metrics] Time: 635        Blocks/s:          9,249 (000,018,056,670), Transactions/s:    132,734 (000,055,169,021), Logs/s:          345,889 (000,119,288,509), MGas/s:   144,970 (000,066,982,467)
[Metrics] Time: 640        Blocks/s:          6,582 (000,018,089,581), Transactions/s:     97,167 (000,055,654,856), Logs/s:          249,656 (000,120,536,788), MGas/s:   118,055 (000,067,572,740)
[Metrics] Time: 645        Blocks/s:          9,572 (000,018,137,442), Transactions/s:    136,659 (000,056,338,150), Logs/s:          343,144 (000,122,252,564), MGas/s:   159,531 (000,068,370,397)
[Metrics] Time: 650        Blocks/s:          9,275 (000,018,183,818), Transactions/s:    130,383 (000,056,990,064), Logs/s:          349,489 (000,123,999,955), MGas/s:   156,624 (000,069,153,519)
[Metrics] Time: 655        Blocks/s:          6,292 (000,018,215,278), Transactions/s:    118,735 (000,057,583,740), Logs/s:          318,550 (000,125,592,705), MGas/s:   145,084 (000,069,878,937)
[Metrics] Time: 660        Blocks/s:          7,079 (000,018,250,673), Transactions/s:    144,282 (000,058,305,149), Logs/s:          312,924 (000,127,157,325), MGas/s:   183,339 (000,070,795,634)
[Metrics] Time: 665        Blocks/s:          7,632 (000,018,288,832), Transactions/s:    143,321 (000,059,021,756), Logs/s:          296,629 (000,128,640,469), MGas/s:   212,017 (000,071,855,718)
[Metrics] Time: 670        Blocks/s:          6,477 (000,018,321,216), Transactions/s:    135,234 (000,059,697,926), Logs/s:          241,378 (000,129,847,361), MGas/s:   166,106 (000,072,686,250)
[Metrics] Time: 675        Blocks/s:          4,697 (000,018,344,699), Transactions/s:    121,837 (000,060,307,112), Logs/s:          165,772 (000,130,676,219), MGas/s:   114,011 (000,073,256,305)
[Metrics] Time: 680        Blocks/s:          7,206 (000,018,380,727), Transactions/s:    147,927 (000,061,046,748), Logs/s:          277,776 (000,132,065,098), MGas/s:   211,129 (000,074,311,950)
[Metrics] Time: 685        Blocks/s:          4,651 (000,018,403,982), Transactions/s:    154,876 (000,061,821,130), Logs/s:          223,634 (000,133,183,269), MGas/s:   245,980 (000,075,541,849)
[Metrics] Time: 690        Blocks/s:          3,966 (000,018,423,814), Transactions/s:    124,431 (000,062,443,287), Logs/s:          187,221 (000,134,119,376), MGas/s:   190,073 (000,076,492,212)
[Metrics] Time: 695        Blocks/s:          8,507 (000,018,466,350), Transactions/s:    140,426 (000,063,145,415), Logs/s:          310,681 (000,135,672,783), MGas/s:   171,180 (000,077,348,113)
[Metrics] Time: 700        Blocks/s:          9,456 (000,018,513,629), Transactions/s:    119,341 (000,063,742,120), Logs/s:          274,203 (000,137,043,796), MGas/s:   164,658 (000,078,171,402)
[Metrics] Time: 705        Blocks/s:          6,291 (000,018,545,083), Transactions/s:    116,100 (000,064,322,621), Logs/s:          260,705 (000,138,347,320), MGas/s:   266,774 (000,079,505,273)
[Metrics] Time: 710        Blocks/s:          9,739 (000,018,593,777), Transactions/s:    132,295 (000,064,984,096), Logs/s:          342,117 (000,140,057,905), MGas/s:   185,173 (000,080,431,136)
[Metrics] Time: 715        Blocks/s:          9,680 (000,018,642,178), Transactions/s:    101,089 (000,065,489,539), Logs/s:          246,338 (000,141,289,596), MGas/s:   151,892 (000,081,190,594)
[Metrics] Time: 720        Blocks/s:          8,765 (000,018,686,002), Transactions/s:    120,314 (000,066,091,110), Logs/s:          316,427 (000,142,871,732), MGas/s:   149,937 (000,081,940,278)
[Metrics] Time: 725        Blocks/s:          8,830 (000,018,730,150), Transactions/s:    109,414 (000,066,638,180), Logs/s:          267,192 (000,144,207,693), MGas/s:   121,675 (000,082,548,653)
[Metrics] Time: 730        Blocks/s:          6,118 (000,018,760,739), Transactions/s:     78,101 (000,067,028,684), Logs/s:          196,974 (000,145,192,563), MGas/s:    95,274 (000,083,025,025)
[Metrics] Time: 735        Blocks/s:          7,895 (000,018,800,215), Transactions/s:    131,774 (000,067,687,555), Logs/s:          342,574 (000,146,905,431), MGas/s:   208,478 (000,084,067,415)
[Metrics] Time: 740        Blocks/s:         10,275 (000,018,851,592), Transactions/s:    130,442 (000,068,339,765), Logs/s:          324,141 (000,148,526,136), MGas/s:   194,278 (000,085,038,804)
[Metrics] Time: 745        Blocks/s:          8,589 (000,018,894,536), Transactions/s:    121,548 (000,068,947,503), Logs/s:          292,346 (000,149,987,865), MGas/s:   150,483 (000,085,791,218)
[Metrics] Time: 750        Blocks/s:         12,343 (000,018,956,251), Transactions/s:    112,359 (000,069,509,299), Logs/s:          294,426 (000,151,459,997), MGas/s:   166,260 (000,086,622,517)
[Metrics] Time: 755        Blocks/s:          9,299 (000,019,002,744), Transactions/s:    100,129 (000,070,009,944), Logs/s:          275,446 (000,152,837,229), MGas/s:   151,284 (000,087,378,936)
[Metrics] Time: 760        Blocks/s:          7,361 (000,019,039,547), Transactions/s:     81,124 (000,070,415,565), Logs/s:          253,880 (000,154,106,630), MGas/s:   130,655 (000,088,032,214)
[Metrics] Time: 765        Blocks/s:         10,440 (000,019,091,748), Transactions/s:    117,742 (000,071,004,273), Logs/s:          314,183 (000,155,677,545), MGas/s:   146,961 (000,088,767,017)
[Metrics] Time: 770        Blocks/s:          7,323 (000,019,128,363), Transactions/s:     92,695 (000,071,467,750), Logs/s:          282,983 (000,157,092,460), MGas/s:   142,599 (000,089,480,010)
[Metrics] Time: 775        Blocks/s:          9,774 (000,019,177,231), Transactions/s:    118,631 (000,072,060,903), Logs/s:          324,513 (000,158,715,024), MGas/s:   190,557 (000,090,432,797)
[Metrics] Time: 780        Blocks/s:          9,371 (000,019,224,084), Transactions/s:     97,694 (000,072,549,371), Logs/s:          305,486 (000,160,242,452), MGas/s:   166,639 (000,091,265,990)
[Metrics] Time: 785        Blocks/s:         10,388 (000,019,276,025), Transactions/s:    120,319 (000,073,150,966), Logs/s:          387,903 (000,162,181,969), MGas/s:   200,822 (000,092,270,102)
[Metrics] Time: 790        Blocks/s:          9,814 (000,019,325,095), Transactions/s:     98,691 (000,073,644,420), Logs/s:          300,414 (000,163,684,037), MGas/s:   163,068 (000,093,085,441)
[Metrics] Time: 795        Blocks/s:          9,597 (000,019,373,080), Transactions/s:    105,140 (000,074,170,121), Logs/s:          318,387 (000,165,275,974), MGas/s:   160,502 (000,093,887,951)
[Metrics] Time: 800        Blocks/s:          7,814 (000,019,412,149), Transactions/s:    135,864 (000,074,849,439), Logs/s:          337,536 (000,166,963,654), MGas/s:   249,468 (000,095,135,293)
[Metrics] Time: 805        Blocks/s:          6,007 (000,019,442,183), Transactions/s:    121,219 (000,075,455,534), Logs/s:          270,014 (000,168,313,725), MGas/s:   239,053 (000,096,330,560)
[Metrics] Time: 810        Blocks/s:          8,857 (000,019,486,469), Transactions/s:    113,704 (000,076,024,053), Logs/s:          314,533 (000,169,886,388), MGas/s:   196,961 (000,097,315,365)
[Metrics] Time: 815        Blocks/s:          8,995 (000,019,531,443), Transactions/s:    128,817 (000,076,668,140), Logs/s:          306,985 (000,171,421,313), MGas/s:   198,762 (000,098,309,174)
[Metrics] Time: 820        Blocks/s:          5,716 (000,019,560,023), Transactions/s:     84,040 (000,077,088,340), Logs/s:          163,105 (000,172,236,838), MGas/s:   110,379 (000,098,861,067)
[Metrics] Time: 825        Blocks/s:          8,985 (000,019,604,949), Transactions/s:    133,837 (000,077,757,526), Logs/s:          290,121 (000,173,687,442), MGas/s:   186,841 (000,099,795,274)
[Metrics] Time: 830        Blocks/s:          9,857 (000,019,654,234), Transactions/s:    119,704 (000,078,356,048), Logs/s:          321,836 (000,175,296,621), MGas/s:   194,497 (000,100,767,760)
[Metrics] Time: 835        Blocks/s:          6,496 (000,019,686,712), Transactions/s:    118,158 (000,078,946,836), Logs/s:          187,762 (000,176,235,430), MGas/s:   121,726 (000,101,376,388)
[Metrics] Time: 840        Blocks/s:          6,317 (000,019,718,295), Transactions/s:     71,253 (000,079,303,103), Logs/s:          171,350 (000,177,092,180), MGas/s:    93,691 (000,101,844,845)
[Metrics] Time: 845        Blocks/s:         12,996 (000,019,783,277), Transactions/s:    109,086 (000,079,848,531), Logs/s:          330,886 (000,178,746,610), MGas/s:   170,930 (000,102,699,494)
[Metrics] Time: 850        Blocks/s:          6,644 (000,019,816,495), Transactions/s:     55,939 (000,080,128,228), Logs/s:          191,311 (000,179,703,167), MGas/s:    93,611 (000,103,167,548)
[Metrics] Time: 855        Blocks/s:          9,574 (000,019,864,367), Transactions/s:    112,040 (000,080,688,427), Logs/s:          354,664 (000,181,476,486), MGas/s:   169,139 (000,104,013,245)
[Metrics] Time: 860        Blocks/s:          8,868 (000,019,908,709), Transactions/s:    121,090 (000,081,293,875), Logs/s:          308,616 (000,183,019,564), MGas/s:   204,101 (000,105,033,750)
[Metrics] Time: 865        Blocks/s:          6,014 (000,019,938,778), Transactions/s:    113,065 (000,081,859,199), Logs/s:          276,702 (000,184,403,074), MGas/s:   198,368 (000,106,025,592)
[Metrics] Time: 870        Blocks/s:          9,184 (000,019,984,697), Transactions/s:    113,378 (000,082,426,087), Logs/s:          351,581 (000,186,160,979), MGas/s:   197,376 (000,107,012,472)
[Metrics] Time: 875        Blocks/s:         10,337 (000,020,036,381), Transactions/s:     96,174 (000,082,906,956), Logs/s:          337,167 (000,187,846,816), MGas/s:   163,584 (000,107,830,394)
[Metrics] Time: 880        Blocks/s:         10,347 (000,020,088,115), Transactions/s:     77,278 (000,083,293,347), Logs/s:          235,512 (000,189,024,378), MGas/s:   135,899 (000,108,509,889)
[Metrics] Time: 885        Blocks/s:         11,310 (000,020,144,664), Transactions/s:    121,286 (000,083,899,778), Logs/s:          256,321 (000,190,305,981), MGas/s:   177,448 (000,109,397,130)
[Metrics] Time: 890        Blocks/s:          8,674 (000,020,188,033), Transactions/s:     74,970 (000,084,274,628), Logs/s:          205,947 (000,191,335,715), MGas/s:   123,218 (000,110,013,223)
[Metrics] Time: 895        Blocks/s:         10,554 (000,020,240,801), Transactions/s:    121,103 (000,084,880,143), Logs/s:          377,933 (000,193,225,379), MGas/s:   210,350 (000,111,064,974)
[Metrics] Time: 900        Blocks/s:          7,000 (000,020,275,803), Transactions/s:     86,372 (000,085,312,001), Logs/s:          249,057 (000,194,470,666), MGas/s:   157,214 (000,111,851,043)
[Metrics] Time: 905        Blocks/s:         11,573 (000,020,333,666), Transactions/s:    115,458 (000,085,889,290), Logs/s:          323,881 (000,196,090,072), MGas/s:   214,680 (000,112,924,443)
[Metrics] Time: 910        Blocks/s:         10,547 (000,020,386,400), Transactions/s:    104,062 (000,086,409,599), Logs/s:          187,208 (000,197,026,111), MGas/s:   209,048 (000,113,969,684)
[Metrics] Time: 915        Blocks/s:          8,918 (000,020,430,989), Transactions/s:     69,912 (000,086,759,159), Logs/s:          166,609 (000,197,859,154), MGas/s:   130,684 (000,114,623,105)
[Metrics] Time: 920        Blocks/s:         13,817 (000,020,500,072), Transactions/s:    102,150 (000,087,269,910), Logs/s:          260,418 (000,199,161,244), MGas/s:   179,494 (000,115,520,573)
[Metrics] Time: 925        Blocks/s:          7,477 (000,020,537,455), Transactions/s:     59,965 (000,087,569,735), Logs/s:          149,153 (000,199,907,010), MGas/s:   105,637 (000,116,048,759)
[Metrics] Time: 930        Blocks/s:         11,815 (000,020,596,528), Transactions/s:    110,776 (000,088,123,613), Logs/s:          324,259 (000,201,528,305), MGas/s:   151,240 (000,116,804,958)
[Metrics] Time: 935        Blocks/s:          8,282 (000,020,637,940), Transactions/s:     69,821 (000,088,472,716), Logs/s:          224,708 (000,202,651,844), MGas/s:    87,280 (000,117,241,357)
[Metrics] Time: 940        Blocks/s:         11,525 (000,020,695,564), Transactions/s:    101,527 (000,088,980,349), Logs/s:          285,874 (000,204,081,214), MGas/s:   140,625 (000,117,944,482)
[Metrics] Time: 945        Blocks/s:          9,251 (000,020,741,818), Transactions/s:    115,772 (000,089,559,209), Logs/s:          235,650 (000,205,259,464), MGas/s:   209,007 (000,118,989,516)
[Metrics] Time: 950        Blocks/s:          5,909 (000,020,771,365), Transactions/s:    104,239 (000,090,080,405), Logs/s:          207,704 (000,206,297,986), MGas/s:   191,379 (000,119,946,409)
[Metrics] Time: 955        Blocks/s:          8,032 (000,020,811,527), Transactions/s:    133,134 (000,090,746,089), Logs/s:          296,149 (000,207,778,749), MGas/s:   252,728 (000,121,210,067)
[Metrics] Time: 960        Blocks/s:          9,708 (000,020,860,065), Transactions/s:    129,466 (000,091,393,405), Logs/s:          288,334 (000,209,220,402), MGas/s:   257,958 (000,122,499,837)
[Metrics] Time: 965        Blocks/s:          7,821 (000,020,899,171), Transactions/s:     82,409 (000,091,805,450), Logs/s:          217,045 (000,210,305,626), MGas/s:   150,388 (000,123,251,779)
[Metrics] Time: 970        Blocks/s:         10,119 (000,020,949,766), Transactions/s:     87,448 (000,092,242,690), Logs/s:          222,588 (000,211,418,564), MGas/s:   153,331 (000,124,018,436)
[Metrics] Time: 975        Blocks/s:          8,556 (000,020,992,546), Transactions/s:     60,923 (000,092,547,307), Logs/s:          155,910 (000,212,198,113), MGas/s:   105,979 (000,124,548,330)
[Metrics] Time: 980        Blocks/s:         13,251 (000,021,058,803), Transactions/s:    109,877 (000,093,096,691), Logs/s:          270,319 (000,213,549,709), MGas/s:   173,930 (000,125,417,983)
[Metrics] Time: 985        Blocks/s:         10,318 (000,021,110,393), Transactions/s:     59,885 (000,093,396,117), Logs/s:          122,122 (000,214,160,320), MGas/s:    91,849 (000,125,877,229)
[Metrics] Time: 990        Blocks/s:         10,495 (000,021,162,866), Transactions/s:    103,345 (000,093,912,842), Logs/s:          220,079 (000,215,260,714), MGas/s:   186,346 (000,126,808,957)
[Metrics] Time: 995        Blocks/s:         12,107 (000,021,223,403), Transactions/s:     87,969 (000,094,352,686), Logs/s:          187,476 (000,216,198,093), MGas/s:   156,106 (000,127,589,484)
[Metrics] Time: 1000       Blocks/s:          8,688 (000,021,266,844), Transactions/s:     53,161 (000,094,618,492), Logs/s:          132,983 (000,216,863,006), MGas/s:    94,458 (000,128,061,775)
[Metrics] Time: 1005       Blocks/s:         14,723 (000,021,340,460), Transactions/s:    108,868 (000,095,162,833), Logs/s:          287,298 (000,218,299,495), MGas/s:   225,350 (000,129,188,527)
[Metrics] Time: 1010       Blocks/s:          4,061 (000,021,360,767), Transactions/s:     85,537 (000,095,590,520), Logs/s:          274,941 (000,219,674,201), MGas/s:   102,126 (000,129,699,157)
[Metrics] Time: 1015       Blocks/s:         10,348 (000,021,412,508), Transactions/s:    115,257 (000,096,166,804), Logs/s:          322,498 (000,221,286,689), MGas/s:   197,141 (000,130,684,861)
[Metrics] Time: 1020       Blocks/s:          9,560 (000,021,460,307), Transactions/s:     99,523 (000,096,664,421), Logs/s:          240,615 (000,222,489,765), MGas/s:   203,139 (000,131,700,556)
[Metrics] Time: 1025       Blocks/s:          8,806 (000,021,504,339), Transactions/s:     79,649 (000,097,062,666), Logs/s:          245,979 (000,223,719,659), MGas/s:   151,894 (000,132,460,024)
[Metrics] Time: 1030       Blocks/s:         14,561 (000,021,577,142), Transactions/s:     93,716 (000,097,531,247), Logs/s:          250,900 (000,224,974,158), MGas/s:   158,684 (000,133,253,445)
[Metrics] Time: 1035       Blocks/s:          9,143 (000,021,622,856), Transactions/s:     63,958 (000,097,851,035), Logs/s:          193,994 (000,225,944,130), MGas/s:   107,412 (000,133,790,504)
[Metrics] Time: 1040       Blocks/s:         15,196 (000,021,698,837), Transactions/s:     91,027 (000,098,306,171), Logs/s:          237,741 (000,227,132,833), MGas/s:   156,790 (000,134,574,455)
[Metrics] Time: 1045       Blocks/s:          8,288 (000,021,740,278), Transactions/s:     58,062 (000,098,596,479), Logs/s:          196,092 (000,228,113,295), MGas/s:   101,569 (000,135,082,301)
[Metrics] Time: 1050       Blocks/s:         12,504 (000,021,802,797), Transactions/s:    115,104 (000,099,172,000), Logs/s:          225,155 (000,229,239,071), MGas/s:   199,374 (000,136,079,171)
[Metrics] Time: 1055       Blocks/s:          9,241 (000,021,849,001), Transactions/s:     64,194 (000,099,492,968), Logs/s:          162,240 (000,230,050,272), MGas/s:   116,829 (000,136,663,314)
[Metrics] Time: 1060       Blocks/s:         12,222 (000,021,910,112), Transactions/s:     85,890 (000,099,922,419), Logs/s:          220,236 (000,231,151,450), MGas/s:   154,598 (000,137,436,305)
[Metrics] Time: 1065       Blocks/s:          5,360 (000,021,936,910), Transactions/s:     55,755 (000,100,201,193), Logs/s:          130,806 (000,231,805,480), MGas/s:    96,997 (000,137,921,290)
[Metrics] Time: 1070       Blocks/s:          6,359 (000,021,968,703), Transactions/s:    139,975 (000,100,901,069), Logs/s:          106,720 (000,232,339,080), MGas/s:    93,377 (000,138,388,175)
[Metrics] Time: 1075       Blocks/s:          1,598 (000,021,976,695), Transactions/s:    175,812 (000,101,780,131), Logs/s:           34,390 (000,232,511,030), MGas/s:    58,531 (000,138,680,830)
[Metrics] Time: 1080       Blocks/s:          2,358 (000,021,988,485), Transactions/s:    176,852 (000,102,664,393), Logs/s:           40,440 (000,232,713,230), MGas/s:    60,557 (000,138,983,612)
[Metrics] Time: 1085       Blocks/s:          3,577 (000,022,006,369), Transactions/s:    166,235 (000,103,495,568), Logs/s:           80,027 (000,233,113,363), MGas/s:    82,151 (000,139,394,369)
[Metrics] Time: 1090       Blocks/s:          9,767 (000,022,055,203), Transactions/s:     67,752 (000,103,834,329), Logs/s:          171,649 (000,233,971,609), MGas/s:   120,518 (000,139,996,957)
[Metrics] Time: 1095       Blocks/s:          7,254 (000,022,091,474), Transactions/s:     84,304 (000,104,255,848), Logs/s:          250,610 (000,235,224,657), MGas/s:   183,213 (000,140,913,023)
[Metrics] Time: 1100       Blocks/s:         10,761 (000,022,145,279), Transactions/s:    104,933 (000,104,780,515), Logs/s:          348,846 (000,236,968,885), MGas/s:   222,070 (000,142,023,371)
[Metrics] Time: 1105       Blocks/s:          8,509 (000,022,187,824), Transactions/s:     37,228 (000,104,966,657), Logs/s:           86,975 (000,237,403,762), MGas/s:    52,910 (000,142,287,920)
[Metrics] Time: 1110       Blocks/s:         20,880 (000,022,292,224), Transactions/s:     90,942 (000,105,421,368), Logs/s:          212,976 (000,238,468,642), MGas/s:   120,788 (000,142,891,862)
[Metrics] Time: 1115       Blocks/s:         11,037 (000,022,347,408), Transactions/s:     47,354 (000,105,658,137), Logs/s:          106,648 (000,239,001,884), MGas/s:    53,937 (000,143,161,548)
[Metrics] Time: 1120       Blocks/s:         12,066 (000,022,407,736), Transactions/s:     53,624 (000,105,926,257), Logs/s:           96,506 (000,239,484,415), MGas/s:    66,613 (000,143,494,611)
[Metrics] Time: 1125       Blocks/s:         12,350 (000,022,469,486), Transactions/s:     75,730 (000,106,304,906), Logs/s:          114,525 (000,240,057,042), MGas/s:    84,215 (000,143,915,687)
[Metrics] Time: 1130       Blocks/s:         10,266 (000,022,520,815), Transactions/s:     49,722 (000,106,553,517), Logs/s:           80,786 (000,240,460,972), MGas/s:    58,712 (000,144,209,245)
[Metrics] Time: 1135       Blocks/s:         19,877 (000,022,620,198), Transactions/s:     98,467 (000,107,045,850), Logs/s:          191,608 (000,241,419,012), MGas/s:   126,451 (000,144,841,498)
[Metrics] Time: 1140       Blocks/s:          6,589 (000,022,653,141), Transactions/s:     33,710 (000,107,214,400), Logs/s:          121,312 (000,242,025,570), MGas/s:    38,853 (000,145,035,762)
[Metrics] Time: 1145       Blocks/s:         21,142 (000,022,758,851), Transactions/s:     88,332 (000,107,656,058), Logs/s:          289,772 (000,243,474,428), MGas/s:    94,738 (000,145,509,449)
[Metrics] Time: 1150       Blocks/s:          7,980 (000,022,798,750), Transactions/s:     31,801 (000,107,815,064), Logs/s:           82,909 (000,243,888,972), MGas/s:    29,420 (000,145,656,547)
[Metrics] Time: 1155       Blocks/s:         14,927 (000,022,873,386), Transactions/s:     54,028 (000,108,085,203), Logs/s:          145,242 (000,244,615,183), MGas/s:    54,320 (000,145,928,147)
[Metrics] Time: 1160       Blocks/s:         21,205 (000,022,979,412), Transactions/s:     69,253 (000,108,431,467), Logs/s:          163,484 (000,245,432,603), MGas/s:    71,420 (000,146,285,245)
[Metrics] Time: 1165       Blocks/s:          9,650 (000,023,027,662), Transactions/s:     40,577 (000,108,634,354), Logs/s:           74,459 (000,245,804,897), MGas/s:    57,190 (000,146,571,193)
[Metrics] Time: 1170       Blocks/s:         17,884 (000,023,117,081), Transactions/s:     62,278 (000,108,945,744), Logs/s:          103,895 (000,246,324,372), MGas/s:    73,784 (000,146,940,113)
[Metrics] Time: 1175       Blocks/s:         20,201 (000,023,218,084), Transactions/s:     67,227 (000,109,281,881), Logs/s:          183,030 (000,247,239,520), MGas/s:    71,575 (000,147,297,987)
[Metrics] Time: 1180       Blocks/s:          5,289 (000,023,244,528), Transactions/s:     21,625 (000,109,390,004), Logs/s:           66,391 (000,247,571,475), MGas/s:    22,997 (000,147,412,970)
[Metrics] Time: 1185       Blocks/s:         22,056 (000,023,354,806), Transactions/s:     74,109 (000,109,760,549), Logs/s:          251,098 (000,248,826,966), MGas/s:    77,820 (000,147,802,069)
[Metrics] Time: 1190       Blocks/s:          8,699 (000,023,398,303), Transactions/s:     32,400 (000,109,922,551), Logs/s:           89,013 (000,249,272,030), MGas/s:    32,640 (000,147,965,268)
[Metrics] Time: 1195       Blocks/s:         14,524 (000,023,470,921), Transactions/s:     47,934 (000,110,162,221), Logs/s:          113,638 (000,249,840,218), MGas/s:    44,974 (000,148,190,136)
[Metrics] Time: 1200       Blocks/s:         19,801 (000,023,569,925), Transactions/s:     79,864 (000,110,561,543), Logs/s:          172,667 (000,250,703,558), MGas/s:    63,212 (000,148,506,198)
[Metrics] Time: 1205       Blocks/s:          9,187 (000,023,615,862), Transactions/s:     30,803 (000,110,715,556), Logs/s:           67,797 (000,251,042,538), MGas/s:    28,745 (000,148,649,923)
[Metrics] Time: 1210       Blocks/s:         18,424 (000,023,707,981), Transactions/s:     60,113 (000,111,016,120), Logs/s:          128,378 (000,251,684,428), MGas/s:    57,051 (000,148,935,180)
[Metrics] Time: 1215       Blocks/s:         11,157 (000,023,763,766), Transactions/s:     49,119 (000,111,261,715), Logs/s:          198,160 (000,252,675,230), MGas/s:    47,270 (000,149,171,528)
[Metrics] Time: 1220       Blocks/s:         13,074 (000,023,829,137), Transactions/s:     63,723 (000,111,580,330), Logs/s:          322,807 (000,254,289,267), MGas/s:    72,456 (000,149,533,806)
[Metrics] Time: 1225       Blocks/s:         14,563 (000,023,901,953), Transactions/s:     63,562 (000,111,898,140), Logs/s:          332,969 (000,255,954,110), MGas/s:    60,819 (000,149,837,899)
[Metrics] Time: 1230       Blocks/s:          8,352 (000,023,943,714), Transactions/s:     38,695 (000,112,091,615), Logs/s:          200,589 (000,256,957,053), MGas/s:    37,794 (000,150,026,867)
[Metrics] Time: 1235       Blocks/s:         21,259 (000,024,050,008), Transactions/s:     88,331 (000,112,533,272), Logs/s:          377,107 (000,258,842,588), MGas/s:    84,145 (000,150,447,593)
[Metrics] Time: 1240       Blocks/s:          6,620 (000,024,083,107), Transactions/s:     30,602 (000,112,686,283), Logs/s:          127,058 (000,259,477,879), MGas/s:    30,091 (000,150,598,048)
[Metrics] Time: 1245       Blocks/s:         14,905 (000,024,157,630), Transactions/s:     64,042 (000,113,006,492), Logs/s:          261,862 (000,260,787,190), MGas/s:    68,753 (000,150,941,815)
[Metrics] Time: 1250       Blocks/s:         10,624 (000,024,210,752), Transactions/s:     60,557 (000,113,309,275), Logs/s:          211,933 (000,261,846,853), MGas/s:    55,903 (000,151,221,331)
[Metrics] Time: 1255       Blocks/s:          9,023 (000,024,255,867), Transactions/s:     70,271 (000,113,660,631), Logs/s:          223,171 (000,262,962,710), MGas/s:    46,902 (000,151,455,840)
[Metrics] Time: 1260       Blocks/s:         12,041 (000,024,316,071), Transactions/s:     94,224 (000,114,131,753), Logs/s:          228,121 (000,264,103,316), MGas/s:    78,262 (000,151,847,150)
[Metrics] Time: 1265       Blocks/s:          7,234 (000,024,352,242), Transactions/s:     40,806 (000,114,335,783), Logs/s:          131,721 (000,264,761,921), MGas/s:    30,444 (000,151,999,372)
[Metrics] Time: 1270       Blocks/s:         11,879 (000,024,411,635), Transactions/s:     72,366 (000,114,697,615), Logs/s:          213,282 (000,265,828,329), MGas/s:    52,379 (000,152,261,269)
[Metrics] Time: 1275       Blocks/s:          7,258 (000,024,447,923), Transactions/s:     32,191 (000,114,858,570), Logs/s:          101,618 (000,266,336,417), MGas/s:    26,497 (000,152,393,752)
[Metrics] Time: 1280       Blocks/s:          7,133 (000,024,483,590), Transactions/s:    128,422 (000,115,500,680), Logs/s:          140,500 (000,267,038,918), MGas/s:    98,147 (000,152,884,488)
[Metrics] Time: 1285       Blocks/s:         11,166 (000,024,539,419), Transactions/s:    155,844 (000,116,279,902), Logs/s:          138,737 (000,267,732,604), MGas/s:   134,232 (000,153,555,650)
[Metrics] Time: 1290       Blocks/s:          1,851 (000,024,548,674), Transactions/s:     10,857 (000,116,334,187), Logs/s:           29,687 (000,267,881,039), MGas/s:    11,587 (000,153,613,586)
[Metrics] Time: 1295       Blocks/s:         16,035 (000,024,628,848), Transactions/s:     80,495 (000,116,736,663), Logs/s:          215,303 (000,268,957,555), MGas/s:    57,176 (000,153,899,467)
[Metrics] Time: 1300       Blocks/s:          3,669 (000,024,647,191), Transactions/s:     20,634 (000,116,839,832), Logs/s:           52,045 (000,269,217,780), MGas/s:    16,470 (000,153,981,818)
[Metrics] Time: 1305       Blocks/s:         14,193 (000,024,718,158), Transactions/s:     64,356 (000,117,161,610), Logs/s:          176,447 (000,270,100,015), MGas/s:    47,242 (000,154,218,028)
[Metrics] Time: 1310       Blocks/s:          8,213 (000,024,759,221), Transactions/s:     47,776 (000,117,400,491), Logs/s:          143,674 (000,270,818,387), MGas/s:    37,544 (000,154,405,749)
[Metrics] Time: 1315       Blocks/s:          9,515 (000,024,806,798), Transactions/s:     48,479 (000,117,642,886), Logs/s:          151,350 (000,271,575,138), MGas/s:    39,828 (000,154,604,888)
[Metrics] Time: 1320       Blocks/s:         10,918 (000,024,861,390), Transactions/s:     55,917 (000,117,922,471), Logs/s:          177,066 (000,272,460,469), MGas/s:    49,839 (000,154,854,084)
[Metrics] Time: 1325       Blocks/s:          6,657 (000,024,894,674), Transactions/s:     33,001 (000,118,087,477), Logs/s:           99,461 (000,272,957,772), MGas/s:    26,796 (000,154,988,065)
[Metrics] Time: 1330       Blocks/s:          7,648 (000,024,932,912), Transactions/s:     78,196 (000,118,478,458), Logs/s:          207,715 (000,273,996,348), MGas/s:    68,367 (000,155,329,901)
[Metrics] Time: 1335       Blocks/s:          9,297 (000,024,979,397), Transactions/s:    118,615 (000,119,071,534), Logs/s:          126,838 (000,274,630,537), MGas/s:   103,014 (000,155,844,971)
[Metrics] Time: 1340       Blocks/s:          3,739 (000,024,998,094), Transactions/s:     16,777 (000,119,155,418), Logs/s:           41,057 (000,274,835,824), MGas/s:    13,374 (000,155,911,843)
[Metrics] Time: 1345       Blocks/s:         18,539 (000,025,090,791), Transactions/s:     74,542 (000,119,528,127), Logs/s:          118,050 (000,275,426,076), MGas/s:    49,786 (000,156,160,770)
[Metrics] Time: 1350       Blocks/s:          3,910 (000,025,110,342), Transactions/s:     17,742 (000,119,616,839), Logs/s:           34,444 (000,275,598,298), MGas/s:    11,809 (000,156,219,814)
[Metrics] Time: 1355       Blocks/s:         18,867 (000,025,204,676), Transactions/s:     66,561 (000,119,949,643), Logs/s:          106,443 (000,276,130,512), MGas/s:    43,106 (000,156,435,345)
[Metrics] Time: 1360       Blocks/s:              5 (000,025,204,699), Transactions/s:         13 (000,119,949,710), Logs/s:            1,619 (000,276,138,609), MGas/s:        46 (000,156,435,574)
[Metrics] Time: 1365       Blocks/s:         17,557 (000,025,292,483), Transactions/s:     64,085 (000,120,270,133), Logs/s:          117,311 (000,276,725,164), MGas/s:    40,563 (000,156,638,390)
[Metrics] Time: 1370       Blocks/s:          3,021 (000,025,307,589), Transactions/s:     11,296 (000,120,326,615), Logs/s:           20,453 (000,276,827,430), MGas/s:     7,477 (000,156,675,777)
[Metrics] Time: 1375       Blocks/s:         21,584 (000,025,415,511), Transactions/s:     64,812 (000,120,650,675), Logs/s:          111,632 (000,277,385,588), MGas/s:    58,145 (000,156,966,500)
[Metrics] Time: 1380       Blocks/s:          6,182 (000,025,446,421), Transactions/s:     16,248 (000,120,731,917), Logs/s:           33,655 (000,277,553,862), MGas/s:    10,170 (000,157,017,349)
[Metrics] Time: 1385       Blocks/s:         16,509 (000,025,528,965), Transactions/s:     42,309 (000,120,943,460), Logs/s:           76,432 (000,277,936,021), MGas/s:    25,410 (000,157,144,401)
[Metrics] Time: 1390       Blocks/s:          9,569 (000,025,576,812), Transactions/s:     24,566 (000,121,066,290), Logs/s:           51,221 (000,278,192,125), MGas/s:    12,276 (000,157,205,780)
[Metrics] Time: 1395       Blocks/s:         14,669 (000,025,650,156), Transactions/s:     30,153 (000,121,217,054), Logs/s:           64,657 (000,278,515,408), MGas/s:    13,397 (000,157,272,767)
[Metrics] Time: 1400       Blocks/s:         17,823 (000,025,739,272), Transactions/s:     35,781 (000,121,395,957), Logs/s:           73,636 (000,278,883,588), MGas/s:    16,735 (000,157,356,442)
[Metrics] Time: 1405       Blocks/s:          5,528 (000,025,766,914), Transactions/s:      9,936 (000,121,445,637), Logs/s:           20,448 (000,278,985,826), MGas/s:     6,029 (000,157,386,586)
[Metrics] Time: 1410       Blocks/s:         23,252 (000,025,883,176), Transactions/s:     51,284 (000,121,702,055), Logs/s:           99,477 (000,279,483,211), MGas/s:    26,267 (000,157,517,920)
[Metrics] Time: 1415       Blocks/s:          5,634 (000,025,911,345), Transactions/s:     17,235 (000,121,788,230), Logs/s:           30,141 (000,279,633,916), MGas/s:    11,693 (000,157,576,384)
[Metrics] Time: 1420       Blocks/s:         17,859 (000,026,000,640), Transactions/s:     69,428 (000,122,135,372), Logs/s:          181,303 (000,280,540,433), MGas/s:    64,001 (000,157,896,391)
[Metrics] Time: 1425       Blocks/s:          1,409 (000,026,007,683), Transactions/s:      4,322 (000,122,156,980), Logs/s:           15,264 (000,280,616,751), MGas/s:     3,944 (000,157,916,109)
[Metrics] Time: 1430       Blocks/s:         21,144 (000,026,113,402), Transactions/s:     68,865 (000,122,501,307), Logs/s:          212,629 (000,281,679,896), MGas/s:    79,421 (000,158,313,215)
[Metrics] Time: 1435       Blocks/s:          6,514 (000,026,145,973), Transactions/s:     19,625 (000,122,599,430), Logs/s:           65,193 (000,282,005,863), MGas/s:    20,038 (000,158,413,405)
[Metrics] Time: 1440       Blocks/s:         16,675 (000,026,229,346), Transactions/s:     49,490 (000,122,846,880), Logs/s:          153,575 (000,282,773,738), MGas/s:    44,093 (000,158,633,869)
[Metrics] Time: 1445       Blocks/s:         10,416 (000,026,281,426), Transactions/s:     32,869 (000,123,011,224), Logs/s:          103,367 (000,283,290,574), MGas/s:    28,839 (000,158,778,066)
[Metrics] Time: 1450       Blocks/s:         12,185 (000,026,342,350), Transactions/s:     38,990 (000,123,206,172), Logs/s:          118,563 (000,283,883,388), MGas/s:    34,542 (000,158,950,776)
[Metrics] Time: 1455       Blocks/s:         11,271 (000,026,398,705), Transactions/s:     39,497 (000,123,403,657), Logs/s:          117,889 (000,284,472,834), MGas/s:    33,993 (000,159,120,743)
[Metrics] Time: 1460       Blocks/s:         12,844 (000,026,462,923), Transactions/s:     34,675 (000,123,577,034), Logs/s:          111,206 (000,285,028,863), MGas/s:    33,792 (000,159,289,701)
[Metrics] Time: 1465       Blocks/s:         18,236 (000,026,554,104), Transactions/s:     53,351 (000,123,843,791), Logs/s:          166,305 (000,285,860,388), MGas/s:    45,336 (000,159,516,380)
[Metrics] Time: 1470       Blocks/s:          5,801 (000,026,583,107), Transactions/s:     15,808 (000,123,922,833), Logs/s:           53,764 (000,286,129,208), MGas/s:    14,684 (000,159,589,802)
[Metrics] Time: 1475       Blocks/s:         21,373 (000,026,689,972), Transactions/s:     71,630 (000,124,280,985), Logs/s:          205,375 (000,287,156,084), MGas/s:    43,696 (000,159,808,281)
[Metrics] Time: 1480       Blocks/s:          2,868 (000,026,704,313), Transactions/s:      9,716 (000,124,329,565), Logs/s:           23,398 (000,287,273,076), MGas/s:     4,975 (000,159,833,154)
[Metrics] Time: 1485       Blocks/s:         22,013 (000,026,814,379), Transactions/s:     72,942 (000,124,694,277), Logs/s:          202,806 (000,288,287,104), MGas/s:    49,228 (000,160,079,295)
[Metrics] Time: 1490       Blocks/s:          6,045 (000,026,844,606), Transactions/s:     20,510 (000,124,796,828), Logs/s:           76,160 (000,288,667,906), MGas/s:    17,826 (000,160,168,426)
[Metrics] Time: 1495       Blocks/s:         16,362 (000,026,926,416), Transactions/s:     77,262 (000,125,183,137), Logs/s:          302,614 (000,290,180,978), MGas/s:    67,532 (000,160,506,085)
[Metrics] Time: 1500       Blocks/s:          7,793 (000,026,965,383), Transactions/s:     27,680 (000,125,321,536), Logs/s:          117,354 (000,290,767,746), MGas/s:    22,084 (000,160,616,507)
[Metrics] Time: 1505       Blocks/s:         14,345 (000,027,037,107), Transactions/s:     51,106 (000,125,577,068), Logs/s:          197,794 (000,291,756,717), MGas/s:    49,355 (000,160,863,281)
[Metrics] Time: 1510       Blocks/s:          9,401 (000,027,084,112), Transactions/s:     33,597 (000,125,745,051), Logs/s:           99,698 (000,292,255,209), MGas/s:    24,355 (000,160,985,056)
[Metrics] Time: 1515       Blocks/s:         13,621 (000,027,152,218), Transactions/s:     36,592 (000,125,928,012), Logs/s:           85,933 (000,292,684,872), MGas/s:    19,176 (000,161,080,934)
[Metrics] Time: 1520       Blocks/s:         16,530 (000,027,234,868), Transactions/s:     43,850 (000,126,147,261), Logs/s:          123,783 (000,293,303,785), MGas/s:    20,719 (000,161,184,528)
[Metrics] Time: 1525       Blocks/s:          5,979 (000,027,264,761), Transactions/s:     12,196 (000,126,208,241), Logs/s:           34,078 (000,293,474,177), MGas/s:     5,865 (000,161,213,850)
[Metrics] Time: 1530       Blocks/s:         22,580 (000,027,377,663), Transactions/s:     61,459 (000,126,515,535), Logs/s:          172,050 (000,294,334,427), MGas/s:    41,953 (000,161,423,618)
[Metrics] Time: 1535       Blocks/s:         14,729 (000,027,451,307), Transactions/s:     51,701 (000,126,774,040), Logs/s:          135,262 (000,295,010,738), MGas/s:    39,619 (000,161,621,712)
[Metrics] Time: 1540       Blocks/s:         12,317 (000,027,512,892), Transactions/s:     34,026 (000,126,944,171), Logs/s:           99,460 (000,295,508,039), MGas/s:    22,067 (000,161,732,046)
[Metrics] Time: 1545       Blocks/s:         19,445 (000,027,610,116), Transactions/s:     73,119 (000,127,309,767), Logs/s:          154,942 (000,296,282,750), MGas/s:    38,466 (000,161,924,377)
[Metrics] Time: 1550       Blocks/s:         19,444 (000,027,707,336), Transactions/s:     53,560 (000,127,577,567), Logs/s:          164,372 (000,297,104,608), MGas/s:    30,010 (000,162,074,426)
[Metrics] Time: 1555       Blocks/s:         18,969 (000,027,802,181), Transactions/s:     60,753 (000,127,881,333), Logs/s:          150,005 (000,297,854,631), MGas/s:    36,075 (000,162,254,800)
[Metrics] Time: 1560       Blocks/s:          7,644 (000,027,840,399), Transactions/s:     20,440 (000,127,983,533), Logs/s:           49,684 (000,298,103,049), MGas/s:    14,046 (000,162,325,028)
[Metrics] Time: 1565       Blocks/s:         17,794 (000,027,929,368), Transactions/s:     62,215 (000,128,294,606), Logs/s:          199,149 (000,299,098,795), MGas/s:    40,977 (000,162,529,914)
[Metrics] Time: 1570       Blocks/s:          4,085 (000,027,949,792), Transactions/s:     11,682 (000,128,353,016), Logs/s:           68,177 (000,299,439,682), MGas/s:     7,240 (000,162,566,115)
[Metrics] Time: 1575       Blocks/s:             56 (000,027,950,072), Transactions/s:        126 (000,128,353,647), Logs/s:           48,407 (000,299,681,715), MGas/s:       281 (000,162,567,518)
[Metrics] Time: 1580       Blocks/s:             60 (000,027,950,371), Transactions/s:        138 (000,128,354,337), Logs/s:           50,836 (000,299,935,896), MGas/s:       294 (000,162,568,986)
[Metrics] Time: 1585       Blocks/s:             64 (000,027,950,690), Transactions/s:        170 (000,128,355,189), Logs/s:           52,388 (000,300,197,836), MGas/s:       337 (000,162,570,672)
[Metrics] Time: 1590       Blocks/s:             63 (000,027,951,003), Transactions/s:        166 (000,128,356,020), Logs/s:           52,234 (000,300,459,006), MGas/s:       304 (000,162,572,193)
[Metrics] Time: 1595       Blocks/s:             60 (000,027,951,302), Transactions/s:        151 (000,128,356,773), Logs/s:           50,683 (000,300,712,421), MGas/s:       297 (000,162,573,676)
[Metrics] Time: 1600       Blocks/s:             60 (000,027,951,604), Transactions/s:        284 (000,128,358,193), Logs/s:           52,060 (000,300,972,723), MGas/s:       490 (000,162,576,126)
[Metrics] Time: 1605       Blocks/s:             65 (000,027,951,931), Transactions/s:        170 (000,128,359,043), Logs/s:           53,575 (000,301,240,598), MGas/s:       330 (000,162,577,774)
[Metrics] Time: 1610       Blocks/s:             66 (000,027,952,259), Transactions/s:        234 (000,128,360,213), Logs/s:           53,521 (000,301,508,205), MGas/s:       385 (000,162,579,701)
[Metrics] Time: 1615       Blocks/s:             66 (000,027,952,588), Transactions/s:        182 (000,128,361,125), Logs/s:           54,113 (000,301,778,770), MGas/s:       323 (000,162,581,314)
[Metrics] Time: 1620       Blocks/s:             64 (000,027,952,909), Transactions/s:        176 (000,128,362,006), Logs/s:           53,177 (000,302,044,654), MGas/s:       322 (000,162,582,923)
[Metrics] Time: 1625       Blocks/s:             68 (000,027,953,249), Transactions/s:        221 (000,128,363,109), Logs/s:           54,377 (000,302,316,538), MGas/s:       378 (000,162,584,811)
[Metrics] Time: 1630       Blocks/s:            572 (000,027,956,110), Transactions/s:      1,682 (000,128,371,518), Logs/s:           40,981 (000,302,521,441), MGas/s:     1,358 (000,162,591,602)
[Metrics] Time: 1635       Blocks/s:          2,496 (000,027,968,588), Transactions/s:      6,329 (000,128,403,164), Logs/s:           87,631 (000,302,959,598), MGas/s:     5,406 (000,162,618,633)
[Metrics] Time: 1640       Blocks/s:          6,204 (000,027,999,606), Transactions/s:     16,386 (000,128,485,094), Logs/s:          119,434 (000,303,556,768), MGas/s:    13,661 (000,162,686,940)
[Metrics] Time: 1645       Blocks/s:             55 (000,027,999,883), Transactions/s:        133 (000,128,485,761), Logs/s:           46,722 (000,303,790,378), MGas/s:       270 (000,162,688,291)
[Metrics] Time: 1650       Blocks/s:             54 (000,028,000,155), Transactions/s:        139 (000,128,486,458), Logs/s:           45,201 (000,304,016,385), MGas/s:       316 (000,162,689,869)
